<?xml version="1.0" encoding="UTF-8"?>
<robot generator="Robot 5.0 (Python 3.9.7 on win32)" generated="20220407 17:31:50.912" rpa="false" schemaversion="3">
<suite id="s1" name="Shopping" source="C:\Users\piyus\PycharmProjects\RobotFramework\Tests\FlipKartApp\FunctionalTestSuit\Shopping.robot">
<test id="s1-t1" name="Google search" line="9">
<kw name="start testcase">
<kw name="Open Browser" library="SeleniumLibrary">
<arg>${url}</arg>
<arg>chrome</arg>
<doc>Opens a new browser instance to the optional ``url``.</doc>
<msg timestamp="20220407 17:31:51.148" level="INFO">Opening browser 'chrome' to base url 'https://www.google.com/'.</msg>
<status status="PASS" starttime="20220407 17:31:51.148" endtime="20220407 17:31:53.304"/>
</kw>
<kw name="Maximize Browser Window" library="SeleniumLibrary">
<doc>Maximizes current browser window.</doc>
<status status="PASS" starttime="20220407 17:31:53.305" endtime="20220407 17:31:53.436"/>
</kw>
<status status="PASS" starttime="20220407 17:31:51.148" endtime="20220407 17:31:53.436"/>
</kw>
<kw name="Input Text" library="SeleniumLibrary">
<arg>name:q</arg>
<arg>${search_flipkart}</arg>
<doc>Types the given ``text`` into the text field identified by ``locator``.</doc>
<msg timestamp="20220407 17:31:53.437" level="INFO">Typing text 'Flipkart' into text field 'name:q'.</msg>
<status status="PASS" starttime="20220407 17:31:53.437" endtime="20220407 17:31:53.521"/>
</kw>
<kw name="Submit Form" library="SeleniumLibrary">
<doc>Submits a form identified by ``locator``.</doc>
<msg timestamp="20220407 17:31:53.521" level="INFO">Submitting form 'None'.</msg>
<status status="PASS" starttime="20220407 17:31:53.521" endtime="20220407 17:31:55.088"/>
</kw>
<kw name="Click Element" library="SeleniumLibrary">
<arg>class:LC20lb</arg>
<doc>Click the element identified by ``locator``.</doc>
<msg timestamp="20220407 17:31:55.089" level="INFO">Clicking element 'class:LC20lb'.</msg>
<status status="PASS" starttime="20220407 17:31:55.088" endtime="20220407 17:31:56.527"/>
</kw>
<doc>google search test</doc>
<tag>google</tag>
<status status="PASS" starttime="20220407 17:31:51.147" endtime="20220407 17:31:56.528"/>
</test>
<test id="s1-t2" name="Flipkart Product Search" line="17">
<kw name="Sleep" library="BuiltIn">
<arg>2s</arg>
<doc>Pauses the test executed for the given time.</doc>
<msg timestamp="20220407 17:31:58.537" level="INFO">Slept 2 seconds</msg>
<status status="PASS" starttime="20220407 17:31:56.532" endtime="20220407 17:31:58.537"/>
</kw>
<kw name="Click Button" library="SeleniumLibrary">
<arg>class:_2KpZ6l</arg>
<doc>Clicks the button identified by ``locator``.</doc>
<msg timestamp="20220407 17:31:58.539" level="INFO">Clicking button 'class:_2KpZ6l'.</msg>
<status status="PASS" starttime="20220407 17:31:58.538" endtime="20220407 17:31:58.868"/>
</kw>
<kw name="flipkart search">
<kw name="Input Text" library="SeleniumLibrary">
<arg>name:q</arg>
<arg>iphone13</arg>
<doc>Types the given ``text`` into the text field identified by ``locator``.</doc>
<msg timestamp="20220407 17:31:58.876" level="INFO">Typing text 'iphone13' into text field 'name:q'.</msg>
<status status="PASS" starttime="20220407 17:31:58.875" endtime="20220407 17:31:59.098"/>
</kw>
<kw name="Click Button" library="SeleniumLibrary">
<arg>class:L0Z3Pu</arg>
<doc>Clicks the button identified by ``locator``.</doc>
<msg timestamp="20220407 17:31:59.099" level="INFO">Clicking button 'class:L0Z3Pu'.</msg>
<status status="PASS" starttime="20220407 17:31:59.098" endtime="20220407 17:31:59.165"/>
</kw>
<status status="PASS" starttime="20220407 17:31:58.874" endtime="20220407 17:31:59.165"/>
</kw>
<kw name="Sleep" library="BuiltIn">
<arg>2s</arg>
<doc>Pauses the test executed for the given time.</doc>
<msg timestamp="20220407 17:32:01.175" level="INFO">Slept 2 seconds</msg>
<status status="PASS" starttime="20220407 17:31:59.166" endtime="20220407 17:32:01.175"/>
</kw>
<doc>searching products on flipkart website</doc>
<tag>flipkart</tag>
<status status="PASS" starttime="20220407 17:31:56.530" endtime="20220407 17:32:01.176"/>
</test>
<test id="s1-t3" name="Flipkart product seletion" line="25">
<kw name="Click Element" library="SeleniumLibrary">
<arg>xpath=//html/body/div/div/div[3]/div[1]/div[2]/div[2]/div/div/div/a/div[2]/div[1]/div[1]</arg>
<doc>Click the element identified by ``locator``.</doc>
<msg timestamp="20220407 17:32:01.178" level="INFO">Clicking element 'xpath=//html/body/div/div/div[3]/div[1]/div[2]/div[2]/div/div/div/a/div[2]/div[1]/div[1]'.</msg>
<status status="PASS" starttime="20220407 17:32:01.178" endtime="20220407 17:32:01.256"/>
</kw>
<kw name="Sleep" library="BuiltIn">
<arg>5s</arg>
<doc>Pauses the test executed for the given time.</doc>
<msg timestamp="20220407 17:32:06.272" level="INFO">Slept 5 seconds</msg>
<status status="PASS" starttime="20220407 17:32:01.257" endtime="20220407 17:32:06.272"/>
</kw>
<kw name="Click Button" library="SeleniumLibrary">
<arg>XPath=//*[@id="container"]/div/div[3]/div[1]/div[1]/div[2]/div/ul/li[2]/form/button</arg>
<doc>Clicks the button identified by ``locator``.</doc>
<msg timestamp="20220407 17:32:06.275" level="INFO">Clicking button 'XPath=//*[@id="container"]/div/div[3]/div[1]/div[1]/div[2]/div/ul/li[2]/form/button'.</msg>
<msg timestamp="20220407 17:32:06.466" level="INFO" html="true">&lt;/td&gt;&lt;/tr&gt;&lt;tr&gt;&lt;td colspan="3"&gt;&lt;a href="selenium-screenshot-9.png"&gt;&lt;img src="selenium-screenshot-9.png" width="800px"&gt;&lt;/a&gt;</msg>
<msg timestamp="20220407 17:32:06.467" level="FAIL">Button with locator 'XPath=//*[@id="container"]/div/div[3]/div[1]/div[1]/div[2]/div/ul/li[2]/form/button' not found.</msg>
<status status="FAIL" starttime="20220407 17:32:06.274" endtime="20220407 17:32:06.468"/>
</kw>
<kw name="Sleep" library="BuiltIn">
<arg>5s</arg>
<doc>Pauses the test executed for the given time.</doc>
<status status="NOT RUN" starttime="20220407 17:32:06.469" endtime="20220407 17:32:06.469"/>
</kw>
<doc>selecting a product</doc>
<tag>flipkart</tag>
<status status="FAIL" starttime="20220407 17:32:01.177" endtime="20220407 17:32:06.470">Button with locator 'XPath=//*[@id="container"]/div/div[3]/div[1]/div[1]/div[2]/div/ul/li[2]/form/button' not found.</status>
</test>
<test id="s1-t4" name="Flipkart Product Buy" line="33">
<kw name="Switch Window" library="SeleniumLibrary">
<arg>title:APPLE iPhone 13 ( 128 GB GB Storage, 8 GB RAM ) Online at Best Price On Flipkart.com</arg>
<doc>Switches to browser window matching ``locator``.</doc>
<msg timestamp="20220407 17:32:06.700" level="INFO" html="true">&lt;/td&gt;&lt;/tr&gt;&lt;tr&gt;&lt;td colspan="3"&gt;&lt;a href="selenium-screenshot-10.png"&gt;&lt;img src="selenium-screenshot-10.png" width="800px"&gt;&lt;/a&gt;</msg>
<msg timestamp="20220407 17:32:06.700" level="FAIL">Unable to locate window with title 'APPLE iPhone 13 ( 128 GB GB Storage, 8 GB RAM ) Online at Best Price On Flipkart.com'.</msg>
<status status="FAIL" starttime="20220407 17:32:06.472" endtime="20220407 17:32:06.750"/>
</kw>
<kw name="Click Button" library="SeleniumLibrary">
<arg>xpath=//html/body/div[1]/div/div[3]/div[1]/div[1]/div[2]/div/ul/li[2]/form/button</arg>
<doc>Clicks the button identified by ``locator``.</doc>
<status status="NOT RUN" starttime="20220407 17:32:06.751" endtime="20220407 17:32:06.751"/>
</kw>
<kw name="Sleep" library="BuiltIn">
<arg>10s</arg>
<doc>Pauses the test executed for the given time.</doc>
<status status="NOT RUN" starttime="20220407 17:32:06.752" endtime="20220407 17:32:06.752"/>
</kw>
<kw name="stop testcase">
<status status="NOT RUN" starttime="20220407 17:32:06.752" endtime="20220407 17:32:06.752"/>
</kw>
<doc>Product Purchase</doc>
<tag>flipkart</tag>
<status status="FAIL" starttime="20220407 17:32:06.471" endtime="20220407 17:32:06.752">Unable to locate window with title 'APPLE iPhone 13 ( 128 GB GB Storage, 8 GB RAM ) Online at Best Price On Flipkart.com'.</status>
</test>
<test id="s1-t5" name="Flipkart User login" line="41">
<kw name="Input Text" library="SeleniumLibrary">
<arg>class:_2IX_2-</arg>
<arg>test@gmail.com</arg>
<doc>Types the given ``text`` into the text field identified by ``locator``.</doc>
<msg timestamp="20220407 17:32:06.755" level="INFO">Typing text 'test@gmail.com' into text field 'class:_2IX_2-'.</msg>
<msg timestamp="20220407 17:32:06.866" level="INFO" html="true">&lt;/td&gt;&lt;/tr&gt;&lt;tr&gt;&lt;td colspan="3"&gt;&lt;a href="selenium-screenshot-11.png"&gt;&lt;img src="selenium-screenshot-11.png" width="800px"&gt;&lt;/a&gt;</msg>
<msg timestamp="20220407 17:32:06.866" level="FAIL">Element with locator 'class:_2IX_2-' not found.</msg>
<status status="FAIL" starttime="20220407 17:32:06.755" endtime="20220407 17:32:06.874"/>
</kw>
<kw name="Click Button" library="SeleniumLibrary">
<arg>xpath=//html/body/div[1]/div/div[2]/div/div[1]/div[1]/div/div/div/div/div[1]/div/form/div[3]/button</arg>
<doc>Clicks the button identified by ``locator``.</doc>
<status status="NOT RUN" starttime="20220407 17:32:06.875" endtime="20220407 17:32:06.875"/>
</kw>
<kw name="Sleep" library="BuiltIn">
<arg>5s</arg>
<doc>Pauses the test executed for the given time.</doc>
<status status="NOT RUN" starttime="20220407 17:32:06.876" endtime="20220407 17:32:06.876"/>
</kw>
<kw name="stop testcase">
<status status="NOT RUN" starttime="20220407 17:32:06.876" endtime="20220407 17:32:06.876"/>
</kw>
<doc>Login</doc>
<tag>flipkart</tag>
<status status="FAIL" starttime="20220407 17:32:06.754" endtime="20220407 17:32:06.877">Element with locator 'class:_2IX_2-' not found.</status>
</test>
<status status="FAIL" starttime="20220407 17:31:50.914" endtime="20220407 17:32:06.879"/>
</suite>
<statistics>
<total>
<stat pass="2" fail="3" skip="0">All Tests</stat>
</total>
<tag>
<stat pass="1" fail="3" skip="0">flipkart</stat>
<stat pass="1" fail="0" skip="0">google</stat>
</tag>
<suite>
<stat pass="2" fail="3" skip="0" id="s1" name="Shopping">Shopping</stat>
</suite>
</statistics>
<errors>
</errors>
</robot>
